[19:53:44.296] [INFO] storybook v10.2.7
[19:53:45.208] [DEBUG] Getting package.json info for D:/Desktop/Tecno/Projetos/tecnojr-site/tecnojr-site/package.json...
[19:53:47.090] [DEBUG] Serving static files from [36mnode_modules/@chromatic-com/storybook/assets[39m at [36m/addon-visual-tests-assets[39m
[19:53:47.090] [DEBUG] Serving static files from [36mpublic[39m at [36m/[39m
[19:53:47.090] [INFO] Starting...
[19:53:47.517] [DEBUG] Starting preview..
[19:53:47.532] [WARN] 🚨 Unable to index ./.storybook/docs/Introduction.mdx:
  Error: Could not parse expression with acorn
    at file:///D:/Desktop/Tecno/Projetos/tecnojr-site/tecnojr-site/node_modules/storybook/dist/core-server/index.js:5835:24
    at async Promise.all (index 0)
    at async Promise.all (index 0)
    at async _StoryIndexGenerator.updateExtracted (file:///D:/Desktop/Tecno/Projetos/tecnojr-site/tecnojr-site/node_modules/storybook/dist/core-server/index.js:5818:5)
    at async _StoryIndexGenerator.ensureExtracted (file:///D:/Desktop/Tecno/Projetos/tecnojr-site/tecnojr-site/node_modules/storybook/dist/core-server/index.js:5855:8)
    at async _StoryIndexGenerator.initialize (file:///D:/Desktop/Tecno/Projetos/tecnojr-site/tecnojr-site/node_modules/storybook/dist/core-server/index.js:5814:5)
    at async file:///D:/Desktop/Tecno/Projetos/tecnojr-site/tecnojr-site/node_modules/storybook/dist/core-server/presets/common-preset.js:1827:10
[19:53:47.537] [ERROR] Failed to build the preview
[19:53:47.539] [ERROR] Error: Unable to index ./.storybook/docs/Introduction.mdx
    at _StoryIndexGenerator.getIndexAndStats (file:///D:/Desktop/Tecno/Projetos/tecnojr-site/tecnojr-site/node_modules/storybook/dist/core-server/index.js:6082:15)
    at async _StoryIndexGenerator.getIndex (file:///D:/Desktop/Tecno/Projetos/tecnojr-site/tecnojr-site/node_modules/storybook/dist/core-server/index.js:6071:13)
    at async getOptimizeDeps (file:///D:/Desktop/Tecno/Projetos/tecnojr-site/tecnojr-site/node_modules/@storybook/builder-vite/dist/index.js:1862:15)
    at async createViteServer (file:///D:/Desktop/Tecno/Projetos/tecnojr-site/tecnojr-site/node_modules/@storybook/builder-vite/dist/index.js:1888:19)
    at async Module.start (file:///D:/Desktop/Tecno/Projetos/tecnojr-site/tecnojr-site/node_modules/@storybook/builder-vite/dist/index.js:1923:17)
    at async storybookDevServer (file:///D:/Desktop/Tecno/Projetos/tecnojr-site/tecnojr-site/node_modules/storybook/dist/core-server/index.js:7207:83)
    at async buildOrThrow (file:///D:/Desktop/Tecno/Projetos/tecnojr-site/tecnojr-site/node_modules/storybook/dist/core-server/index.js:4504:12)
    at async buildDevStandalone (file:///D:/Desktop/Tecno/Projetos/tecnojr-site/tecnojr-site/node_modules/storybook/dist/core-server/index.js:7577:66)
    at async withTelemetry (file:///D:/Desktop/Tecno/Projetos/tecnojr-site/tecnojr-site/node_modules/storybook/dist/_node-chunks/chunk-TQNBPEAH.js:218:12)
    at async dev (file:///D:/Desktop/Tecno/Projetos/tecnojr-site/tecnojr-site/node_modules/storybook/dist/bin/core.js:2734:3)
[19:53:47.543] [WARN] Broken build, fix the error above.
You may need to refresh the browser.